<?xml version="1.0" encoding="UTF-8" standalone="no"?>
<!DOCTYPE log SYSTEM "logger.dtd">
<log>
<record>
  <date>2021-07-18T23:25:24</date>
  <millis>1626665124814</millis>
  <sequence>0</sequence>
  <logger>monopoly.Player</logger>
  <level>INFO</level>
  <class>monopoly.Player</class>
  <method>setPosition</method>
  <thread>1</thread>
  <message>2021-07-18T23:25:24.801 position changed to [request=6; actual=6]</message>
</record>
<record>
  <date>2021-07-18T23:26:13</date>
  <millis>1626665173563</millis>
  <sequence>1</sequence>
  <logger>monopoly.Player</logger>
  <level>INFO</level>
  <class>monopoly.Player</class>
  <method>setPosition</method>
  <thread>1</thread>
  <message>2021-07-18T23:26:13.563 position changed to [request=13; actual=13]</message>
</record>
<record>
  <date>2021-07-18T23:26:43</date>
  <millis>1626665203078</millis>
  <sequence>2</sequence>
  <logger>monopoly.Player</logger>
  <level>INFO</level>
  <class>monopoly.Player</class>
  <method>setPosition</method>
  <thread>1</thread>
  <message>2021-07-18T23:26:43.078 position changed to [request=20; actual=20]</message>
</record>
<record>
  <date>2021-07-18T23:26:49</date>
  <millis>1626665209350</millis>
  <sequence>3</sequence>
  <logger>monopoly.Player</logger>
  <level>INFO</level>
  <class>monopoly.Player</class>
  <method>setPosition</method>
  <thread>1</thread>
  <message>2021-07-18T23:26:49.350 position changed to [request=24; actual=24]</message>
</record>
